<?xml version="1.0" encoding="UTF-8"?>
<testng-results skipped="0" failed="0" ignored="1" total="2" passed="1">
  <reporter-output>
  </reporter-output>
  <suite name="Default suite" duration-ms="33958" started-at="2020-03-16T16:22:46 IST" finished-at="2020-03-16T16:23:19 IST">
    <groups>
    </groups>
    <test name="Default test" duration-ms="33958" started-at="2020-03-16T16:22:46 IST" finished-at="2020-03-16T16:23:19 IST">
      <class name="MobileDefender_Demo.tecstub.Validation">
        <test-method status="PASS" signature="verifyElemntsOnPageTest()[pri:0, instance:MobileDefender_Demo.tecstub.Validation@6737fd8f]" name="verifyElemntsOnPageTest" duration-ms="33904" started-at="2020-03-16T16:22:46 IST" finished-at="2020-03-16T16:23:19 IST">
          <reporter-output>
          </reporter-output>
        </test-method> <!-- verifyElemntsOnPageTest -->
      </class> <!-- MobileDefender_Demo.tecstub.Validation -->
    </test> <!-- Default test -->
  </suite> <!-- Default suite -->
</testng-results>
