<?xml version="1.0" encoding="UTF-8"?>
<!-- Generated by org.testng.reporters.JUnitXMLReporter -->
<testsuite hostname="TriptaQA" ignored="1" name="Default test" tests="1" failures="0" timestamp="2020-03-16T16:23:19 IST" time="33.958" errors="0">
  <testcase name="verifyElemntsOnPageTest" time="33.904" classname="MobileDefender_Demo.tecstub.Validation"/>
  <testcase name="landingPageRedirectionTest" time="0.0" classname="MobileDefender_Demo.tecstub.Validation">
    <ignored/>
  </testcase> <!-- landingPageRedirectionTest -->
</testsuite> <!-- Default test -->
